
===========================================================================
 report_power
============================================================================
======================= Fastest Corner ===================================

Group                  Internal  Switching    Leakage      Total
                          Power      Power      Power      Power (Watts)
----------------------------------------------------------------
Sequential             8.85e-04   1.18e-04   5.89e-09   1.00e-03  43.8%
Combinational          7.47e-04   5.38e-04   2.14e-07   1.28e-03  56.2%
Macro                  0.00e+00   0.00e+00   0.00e+00   0.00e+00   0.0%
Pad                    0.00e+00   0.00e+00   0.00e+00   0.00e+00   0.0%
----------------------------------------------------------------
Total                  1.63e-03   6.56e-04   2.20e-07   2.29e-03 100.0%
                          71.3%      28.7%       0.0%

======================= Slowest Corner ===================================

Group                  Internal  Switching    Leakage      Total
                          Power      Power      Power      Power (Watts)
----------------------------------------------------------------
Sequential             5.83e-04   7.89e-05   5.47e-06   6.67e-04  42.8%
Combinational          5.33e-04   3.50e-04   8.84e-06   8.92e-04  57.2%
Macro                  0.00e+00   0.00e+00   0.00e+00   0.00e+00   0.0%
Pad                    0.00e+00   0.00e+00   0.00e+00   0.00e+00   0.0%
----------------------------------------------------------------
Total                  1.12e-03   4.29e-04   1.43e-05   1.56e-03 100.0%
                          71.6%      27.5%       0.9%

======================= Typical Corner ===================================

Group                  Internal  Switching    Leakage      Total
                          Power      Power      Power      Power (Watts)
----------------------------------------------------------------
Sequential             7.54e-04   1.00e-04   3.09e-09   8.54e-04  43.6%
Combinational          6.53e-04   4.53e-04   1.99e-07   1.11e-03  56.4%
Macro                  0.00e+00   0.00e+00   0.00e+00   0.00e+00   0.0%
Pad                    0.00e+00   0.00e+00   0.00e+00   0.00e+00   0.0%
----------------------------------------------------------------
Total                  1.41e-03   5.53e-04   2.02e-07   1.96e-03 100.0%
                          71.8%      28.2%       0.0%

