
77. Printing statistics.

=== top ===

   Number of wires:               1562
   Number of wire bits:           1686
   Number of public wires:         310
   Number of public wire bits:     434
   Number of memories:               0
   Number of memory bits:            0
   Number of processes:              0
   Number of cells:               1652
     sky130_fd_sc_hd__a211oi_2       4
     sky130_fd_sc_hd__a21oi_2       30
     sky130_fd_sc_hd__a22o_2       256
     sky130_fd_sc_hd__a22oi_2       25
     sky130_fd_sc_hd__a311oi_2       3
     sky130_fd_sc_hd__a31o_2        22
     sky130_fd_sc_hd__a31oi_2       59
     sky130_fd_sc_hd__a41o_2        37
     sky130_fd_sc_hd__and2_2         3
     sky130_fd_sc_hd__and2b_2        1
     sky130_fd_sc_hd__and3_2        51
     sky130_fd_sc_hd__and3b_2        1
     sky130_fd_sc_hd__and4_2         9
     sky130_fd_sc_hd__and4b_2       24
     sky130_fd_sc_hd__buf_1        237
     sky130_fd_sc_hd__conb_1        36
     sky130_fd_sc_hd__dfxtp_2      364
     sky130_fd_sc_hd__inv_2         59
     sky130_fd_sc_hd__nand2_2        1
     sky130_fd_sc_hd__nand3_2       42
     sky130_fd_sc_hd__nand4_2       13
     sky130_fd_sc_hd__nand4b_2      25
     sky130_fd_sc_hd__nor2_2        10
     sky130_fd_sc_hd__nor3_2         8
     sky130_fd_sc_hd__nor3b_2        1
     sky130_fd_sc_hd__nor4_2         2
     sky130_fd_sc_hd__o2111a_2       1
     sky130_fd_sc_hd__o2111ai_2     14
     sky130_fd_sc_hd__o211a_2       36
     sky130_fd_sc_hd__o211ai_2      71
     sky130_fd_sc_hd__o21a_2         7
     sky130_fd_sc_hd__o21ai_2       48
     sky130_fd_sc_hd__o21ba_2        5
     sky130_fd_sc_hd__o21bai_2      51
     sky130_fd_sc_hd__o221a_2       25
     sky130_fd_sc_hd__o22ai_2       24
     sky130_fd_sc_hd__o2bb2ai_2     32
     sky130_fd_sc_hd__o311a_2        3
     sky130_fd_sc_hd__o31a_2         1
     sky130_fd_sc_hd__o32a_2         1
     sky130_fd_sc_hd__o41a_2         2
     sky130_fd_sc_hd__or2_2          1
     sky130_fd_sc_hd__or2b_2         3
     sky130_fd_sc_hd__or3b_2         1
     sky130_fd_sc_hd__or4_2          2
     sky130_fd_sc_hd__or4b_2         1

   Chip area for module '\top': 19287.248000

