
===========================================================================
 report_power
============================================================================
======================= Fastest Corner ===================================

Group                  Internal  Switching    Leakage      Total
                          Power      Power      Power      Power (Watts)
----------------------------------------------------------------
Sequential             8.85e-04   1.27e-04   5.89e-09   1.01e-03  43.6%
Combinational          7.47e-04   5.60e-04   2.14e-07   1.31e-03  56.4%
Macro                  0.00e+00   0.00e+00   0.00e+00   0.00e+00   0.0%
Pad                    0.00e+00   0.00e+00   0.00e+00   0.00e+00   0.0%
----------------------------------------------------------------
Total                  1.63e-03   6.87e-04   2.20e-07   2.32e-03 100.0%
                          70.4%      29.6%       0.0%

======================= Slowest Corner ===================================

Group                  Internal  Switching    Leakage      Total
                          Power      Power      Power      Power (Watts)
----------------------------------------------------------------
Sequential             5.83e-04   8.51e-05   5.47e-06   6.73e-04  42.6%
Combinational          5.34e-04   3.65e-04   8.84e-06   9.08e-04  57.4%
Macro                  0.00e+00   0.00e+00   0.00e+00   0.00e+00   0.0%
Pad                    0.00e+00   0.00e+00   0.00e+00   0.00e+00   0.0%
----------------------------------------------------------------
Total                  1.12e-03   4.51e-04   1.43e-05   1.58e-03 100.0%
                          70.6%      28.5%       0.9%

======================= Typical Corner ===================================

Group                  Internal  Switching    Leakage      Total
                          Power      Power      Power      Power (Watts)
----------------------------------------------------------------
Sequential             7.54e-04   1.08e-04   3.09e-09   8.62e-04  43.4%
Combinational          6.53e-04   4.72e-04   1.99e-07   1.13e-03  56.6%
Macro                  0.00e+00   0.00e+00   0.00e+00   0.00e+00   0.0%
Pad                    0.00e+00   0.00e+00   0.00e+00   0.00e+00   0.0%
----------------------------------------------------------------
Total                  1.41e-03   5.80e-04   2.02e-07   1.99e-03 100.0%
                          70.8%      29.2%       0.0%

