
===========================================================================
 report_power
============================================================================
======================= Fastest Corner ===================================

Group                  Internal  Switching    Leakage      Total
                          Power      Power      Power      Power (Watts)
----------------------------------------------------------------
Sequential             8.85e-04   1.32e-04   5.89e-09   1.02e-03  43.3%
Combinational          7.48e-04   5.81e-04   2.14e-07   1.33e-03  56.7%
Macro                  0.00e+00   0.00e+00   0.00e+00   0.00e+00   0.0%
Pad                    0.00e+00   0.00e+00   0.00e+00   0.00e+00   0.0%
----------------------------------------------------------------
Total                  1.63e-03   7.13e-04   2.20e-07   2.35e-03 100.0%
                          69.6%      30.4%       0.0%

======================= Slowest Corner ===================================

Group                  Internal  Switching    Leakage      Total
                          Power      Power      Power      Power (Watts)
----------------------------------------------------------------
Sequential             5.83e-04   8.83e-05   5.47e-06   6.77e-04  42.3%
Combinational          5.35e-04   3.79e-04   8.84e-06   9.23e-04  57.7%
Macro                  0.00e+00   0.00e+00   0.00e+00   0.00e+00   0.0%
Pad                    0.00e+00   0.00e+00   0.00e+00   0.00e+00   0.0%
----------------------------------------------------------------
Total                  1.12e-03   4.68e-04   1.43e-05   1.60e-03 100.0%
                          69.9%      29.2%       0.9%

======================= Typical Corner ===================================

Group                  Internal  Switching    Leakage      Total
                          Power      Power      Power      Power (Watts)
----------------------------------------------------------------
Sequential             7.54e-04   1.12e-04   3.09e-09   8.66e-04  43.1%
Combinational          6.54e-04   4.89e-04   1.99e-07   1.14e-03  56.9%
Macro                  0.00e+00   0.00e+00   0.00e+00   0.00e+00   0.0%
Pad                    0.00e+00   0.00e+00   0.00e+00   0.00e+00   0.0%
----------------------------------------------------------------
Total                  1.41e-03   6.02e-04   2.02e-07   2.01e-03 100.0%
                          70.1%      29.9%       0.0%

