
Magic 8.3 revision 416 - Compiled on Tue Jul 25 11:03:51 UTC 2023.
Starting magic under Tcl interpreter
Using the terminal as the console.
Using NULL graphics device.
Processing system .magicrc file
Sourcing design .magicrc for technology sky130A ...
2 Magic internal units = 1 Lambda
Input style sky130(): scaleFactor=2, multiplier=2
The following types are not handled by extraction and will be treated as non-electrical types:
    ubm 
Scaled tech values by 2 / 1 to match internal grid scaling
Loading sky130A Device Generator Menu ...
Using technology "sky130A", version 1.0.466-0-gbdc9412
Reading LEF data from file /build/pdk/sky130A/libs.ref/sky130_fd_sc_hd/techlef/sky130_fd_sc_hd__nom.tlef.
This action cannot be undone.
LEF read, Line 78 (Message): Unknown keyword "ANTENNAMODEL" in LEF file; ignoring.
LEF read, Line 79 (Message): Unknown keyword "ANTENNADIFFSIDEAREARATIO" in LEF file; ignoring.
LEF read, Line 112 (Message): Unknown keyword "MINENCLOSEDAREA" in LEF file; ignoring.
LEF read, Line 114 (Message): Unknown keyword "ANTENNAMODEL" in LEF file; ignoring.
LEF read, Line 115 (Message): Unknown keyword "ANTENNADIFFSIDEAREARATIO" in LEF file; ignoring.
LEF read, Line 121 (Message): Unknown keyword "MAXIMUMDENSITY" in LEF file; ignoring.
LEF read, Line 122 (Message): Unknown keyword "DENSITYCHECKWINDOW" in LEF file; ignoring.
LEF read, Line 123 (Message): Unknown keyword "DENSITYCHECKSTEP" in LEF file; ignoring.
LEF read, Line 156 (Message): Unknown keyword "MINENCLOSEDAREA" in LEF file; ignoring.
LEF read, Line 164 (Message): Unknown keyword "ANTENNAMODEL" in LEF file; ignoring.
LEF read, Line 165 (Message): Unknown keyword "ANTENNADIFFSIDEAREARATIO" in LEF file; ignoring.
LEF read, Line 167 (Message): Unknown keyword "MAXIMUMDENSITY" in LEF file; ignoring.
LEF read, Line 168 (Message): Unknown keyword "DENSITYCHECKWINDOW" in LEF file; ignoring.
LEF read, Line 169 (Message): Unknown keyword "DENSITYCHECKSTEP" in LEF file; ignoring.
LEF read, Line 206 (Message): Unknown keyword "ANTENNAMODEL" in LEF file; ignoring.
LEF read, Line 207 (Message): Unknown keyword "ANTENNADIFFSIDEAREARATIO" in LEF file; ignoring.
LEF read, Line 209 (Message): Unknown keyword "MAXIMUMDENSITY" in LEF file; ignoring.
LEF read, Line 210 (Message): Unknown keyword "DENSITYCHECKWINDOW" in LEF file; ignoring.
LEF read, Line 211 (Message): Unknown keyword "DENSITYCHECKSTEP" in LEF file; ignoring.
LEF read, Line 248 (Message): Unknown keyword "ANTENNAMODEL" in LEF file; ignoring.
LEF read, Line 249 (Message): Unknown keyword "ANTENNADIFFSIDEAREARATIO" in LEF file; ignoring.
LEF read, Line 251 (Message): Unknown keyword "MAXIMUMDENSITY" in LEF file; ignoring.
LEF read, Line 252 (Message): Unknown keyword "DENSITYCHECKWINDOW" in LEF file; ignoring.
LEF read, Line 253 (Message): Unknown keyword "DENSITYCHECKSTEP" in LEF file; ignoring.
LEF read, Line 290 (Message): Unknown keyword "ANTENNAMODEL" in LEF file; ignoring.
LEF read, Line 291 (Message): Unknown keyword "ANTENNADIFFSIDEAREARATIO" in LEF file; ignoring.
LEF read: Processed 797 lines.
Reading DEF data from file /project/openlane/runs/run_1/results/routing/top.def.
This action cannot be undone.
  Processed 4 vias total.
Cell sky130_fd_sc_hd__diode_2 read from path /build/pdk/sky130A/libs.ref/sky130_fd_sc_hd/maglef
Cell sky130_fd_sc_hd__decap_3 read from path /build/pdk/sky130A/libs.ref/sky130_fd_sc_hd/maglef
Cell sky130_ef_sc_hd__decap_12 read from path /build/pdk/sky130A/libs.ref/sky130_fd_sc_hd/maglef
Cell sky130_fd_sc_hd__decap_8 read from path /build/pdk/sky130A/libs.ref/sky130_fd_sc_hd/maglef
Cell sky130_fd_sc_hd__fill_1 read from path /build/pdk/sky130A/libs.ref/sky130_fd_sc_hd/maglef
Cell sky130_fd_sc_hd__fill_2 read from path /build/pdk/sky130A/libs.ref/sky130_fd_sc_hd/maglef
Cell sky130_fd_sc_hd__decap_6 read from path /build/pdk/sky130A/libs.ref/sky130_fd_sc_hd/maglef
Cell sky130_fd_sc_hd__decap_4 read from path /build/pdk/sky130A/libs.ref/sky130_fd_sc_hd/maglef
Cell sky130_fd_sc_hd__tapvpwrvgnd_1 read from path /build/pdk/sky130A/libs.ref/sky130_fd_sc_hd/maglef
Cell sky130_fd_sc_hd__buf_4 read from path /build/pdk/sky130A/libs.ref/sky130_fd_sc_hd/maglef
Cell sky130_fd_sc_hd__buf_8 read from path /build/pdk/sky130A/libs.ref/sky130_fd_sc_hd/maglef
Cell sky130_fd_sc_hd__a21oi_4 read from path /build/pdk/sky130A/libs.ref/sky130_fd_sc_hd/maglef
Cell sky130_fd_sc_hd__clkbuf_4 read from path /build/pdk/sky130A/libs.ref/sky130_fd_sc_hd/maglef
Cell sky130_fd_sc_hd__inv_2 read from path /build/pdk/sky130A/libs.ref/sky130_fd_sc_hd/maglef
Cell sky130_fd_sc_hd__buf_6 read from path /build/pdk/sky130A/libs.ref/sky130_fd_sc_hd/maglef
Cell sky130_fd_sc_hd__and3_1 read from path /build/pdk/sky130A/libs.ref/sky130_fd_sc_hd/maglef
Cell sky130_fd_sc_hd__a22o_1 read from path /build/pdk/sky130A/libs.ref/sky130_fd_sc_hd/maglef
Cell sky130_fd_sc_hd__buf_2 read from path /build/pdk/sky130A/libs.ref/sky130_fd_sc_hd/maglef
Cell sky130_fd_sc_hd__and3b_1 read from path /build/pdk/sky130A/libs.ref/sky130_fd_sc_hd/maglef
Cell sky130_fd_sc_hd__clkbuf_1 read from path /build/pdk/sky130A/libs.ref/sky130_fd_sc_hd/maglef
Cell sky130_fd_sc_hd__or2b_1 read from path /build/pdk/sky130A/libs.ref/sky130_fd_sc_hd/maglef
Cell sky130_fd_sc_hd__or3b_1 read from path /build/pdk/sky130A/libs.ref/sky130_fd_sc_hd/maglef
Cell sky130_fd_sc_hd__o311a_1 read from path /build/pdk/sky130A/libs.ref/sky130_fd_sc_hd/maglef
Cell sky130_fd_sc_hd__or4_1 read from path /build/pdk/sky130A/libs.ref/sky130_fd_sc_hd/maglef
Cell sky130_fd_sc_hd__o211a_1 read from path /build/pdk/sky130A/libs.ref/sky130_fd_sc_hd/maglef
Cell sky130_fd_sc_hd__nor4_1 read from path /build/pdk/sky130A/libs.ref/sky130_fd_sc_hd/maglef
Cell sky130_fd_sc_hd__nor2_1 read from path /build/pdk/sky130A/libs.ref/sky130_fd_sc_hd/maglef
Cell sky130_fd_sc_hd__and4_2 read from path /build/pdk/sky130A/libs.ref/sky130_fd_sc_hd/maglef
Cell sky130_fd_sc_hd__a211oi_1 read from path /build/pdk/sky130A/libs.ref/sky130_fd_sc_hd/maglef
Cell sky130_fd_sc_hd__nand4_4 read from path /build/pdk/sky130A/libs.ref/sky130_fd_sc_hd/maglef
Cell sky130_fd_sc_hd__a41o_1 read from path /build/pdk/sky130A/libs.ref/sky130_fd_sc_hd/maglef
Cell sky130_fd_sc_hd__a21oi_1 read from path /build/pdk/sky130A/libs.ref/sky130_fd_sc_hd/maglef
Cell sky130_fd_sc_hd__o21a_1 read from path /build/pdk/sky130A/libs.ref/sky130_fd_sc_hd/maglef
Cell sky130_fd_sc_hd__a31o_1 read from path /build/pdk/sky130A/libs.ref/sky130_fd_sc_hd/maglef
Cell sky130_fd_sc_hd__nor2_2 read from path /build/pdk/sky130A/libs.ref/sky130_fd_sc_hd/maglef
Cell sky130_fd_sc_hd__nand3_4 read from path /build/pdk/sky130A/libs.ref/sky130_fd_sc_hd/maglef
Cell sky130_fd_sc_hd__or2_1 read from path /build/pdk/sky130A/libs.ref/sky130_fd_sc_hd/maglef
Cell sky130_fd_sc_hd__clkbuf_2 read from path /build/pdk/sky130A/libs.ref/sky130_fd_sc_hd/maglef
Cell sky130_fd_sc_hd__o32a_2 read from path /build/pdk/sky130A/libs.ref/sky130_fd_sc_hd/maglef
Cell sky130_fd_sc_hd__and2b_1 read from path /build/pdk/sky130A/libs.ref/sky130_fd_sc_hd/maglef
Cell sky130_fd_sc_hd__o21bai_4 read from path /build/pdk/sky130A/libs.ref/sky130_fd_sc_hd/maglef
Cell sky130_fd_sc_hd__o21ai_4 read from path /build/pdk/sky130A/libs.ref/sky130_fd_sc_hd/maglef
Cell sky130_fd_sc_hd__o221a_1 read from path /build/pdk/sky130A/libs.ref/sky130_fd_sc_hd/maglef
Cell sky130_fd_sc_hd__nor3b_1 read from path /build/pdk/sky130A/libs.ref/sky130_fd_sc_hd/maglef
Cell sky130_fd_sc_hd__nand4_1 read from path /build/pdk/sky130A/libs.ref/sky130_fd_sc_hd/maglef
Cell sky130_fd_sc_hd__a22oi_1 read from path /build/pdk/sky130A/libs.ref/sky130_fd_sc_hd/maglef
Cell sky130_fd_sc_hd__o41a_2 read from path /build/pdk/sky130A/libs.ref/sky130_fd_sc_hd/maglef
Cell sky130_fd_sc_hd__o2111a_1 read from path /build/pdk/sky130A/libs.ref/sky130_fd_sc_hd/maglef
Cell sky130_fd_sc_hd__a31oi_1 read from path /build/pdk/sky130A/libs.ref/sky130_fd_sc_hd/maglef
Cell sky130_fd_sc_hd__o21ai_1 read from path /build/pdk/sky130A/libs.ref/sky130_fd_sc_hd/maglef
Cell sky130_fd_sc_hd__o211ai_1 read from path /build/pdk/sky130A/libs.ref/sky130_fd_sc_hd/maglef
Cell sky130_fd_sc_hd__o21bai_1 read from path /build/pdk/sky130A/libs.ref/sky130_fd_sc_hd/maglef
Cell sky130_fd_sc_hd__o31a_2 read from path /build/pdk/sky130A/libs.ref/sky130_fd_sc_hd/maglef
Cell sky130_fd_sc_hd__nand4b_1 read from path /build/pdk/sky130A/libs.ref/sky130_fd_sc_hd/maglef
Cell sky130_fd_sc_hd__nand3_1 read from path /build/pdk/sky130A/libs.ref/sky130_fd_sc_hd/maglef
Cell sky130_fd_sc_hd__o2bb2ai_1 read from path /build/pdk/sky130A/libs.ref/sky130_fd_sc_hd/maglef
Cell sky130_fd_sc_hd__o41a_1 read from path /build/pdk/sky130A/libs.ref/sky130_fd_sc_hd/maglef
Cell sky130_fd_sc_hd__and4b_1 read from path /build/pdk/sky130A/libs.ref/sky130_fd_sc_hd/maglef
Cell sky130_fd_sc_hd__o22ai_1 read from path /build/pdk/sky130A/libs.ref/sky130_fd_sc_hd/maglef
Cell sky130_fd_sc_hd__a22oi_2 read from path /build/pdk/sky130A/libs.ref/sky130_fd_sc_hd/maglef
Cell sky130_fd_sc_hd__o211ai_2 read from path /build/pdk/sky130A/libs.ref/sky130_fd_sc_hd/maglef
Cell sky130_fd_sc_hd__o2bb2ai_2 read from path /build/pdk/sky130A/libs.ref/sky130_fd_sc_hd/maglef
Cell sky130_fd_sc_hd__o2111ai_1 read from path /build/pdk/sky130A/libs.ref/sky130_fd_sc_hd/maglef
Cell sky130_fd_sc_hd__nor3_1 read from path /build/pdk/sky130A/libs.ref/sky130_fd_sc_hd/maglef
Cell sky130_fd_sc_hd__o21ba_1 read from path /build/pdk/sky130A/libs.ref/sky130_fd_sc_hd/maglef
Cell sky130_fd_sc_hd__a311oi_1 read from path /build/pdk/sky130A/libs.ref/sky130_fd_sc_hd/maglef
Cell sky130_fd_sc_hd__and2_1 read from path /build/pdk/sky130A/libs.ref/sky130_fd_sc_hd/maglef
Cell sky130_fd_sc_hd__and4_1 read from path /build/pdk/sky130A/libs.ref/sky130_fd_sc_hd/maglef
Cell sky130_fd_sc_hd__and3_2 read from path /build/pdk/sky130A/libs.ref/sky130_fd_sc_hd/maglef
Cell sky130_fd_sc_hd__nand4_2 read from path /build/pdk/sky130A/libs.ref/sky130_fd_sc_hd/maglef
Cell sky130_fd_sc_hd__nor4_2 read from path /build/pdk/sky130A/libs.ref/sky130_fd_sc_hd/maglef
Cell sky130_fd_sc_hd__or4b_1 read from path /build/pdk/sky130A/libs.ref/sky130_fd_sc_hd/maglef
Cell sky130_fd_sc_hd__nand2_1 read from path /build/pdk/sky130A/libs.ref/sky130_fd_sc_hd/maglef
Cell sky130_fd_sc_hd__dfxtp_1 read from path /build/pdk/sky130A/libs.ref/sky130_fd_sc_hd/maglef
Cell sky130_fd_sc_hd__dfxtp_2 read from path /build/pdk/sky130A/libs.ref/sky130_fd_sc_hd/maglef
Cell sky130_fd_sc_hd__dfxtp_4 read from path /build/pdk/sky130A/libs.ref/sky130_fd_sc_hd/maglef
Cell sky130_fd_sc_hd__clkbuf_16 read from path /build/pdk/sky130A/libs.ref/sky130_fd_sc_hd/maglef
Cell sky130_fd_sc_hd__dlygate4sd3_1 read from path /build/pdk/sky130A/libs.ref/sky130_fd_sc_hd/maglef
Cell sky130_fd_sc_hd__buf_1 read from path /build/pdk/sky130A/libs.ref/sky130_fd_sc_hd/maglef
Cell sky130_fd_sc_hd__conb_1 read from path /build/pdk/sky130A/libs.ref/sky130_fd_sc_hd/maglef
  Processed 395764 subcell instances total.
  Processed 134 pins total.
  Processed 2 special nets total.
  Processed 2110 nets total.
DEF read: Processed 479528 lines.
Moving label "_0018_" from metal1 to via1 in cell top.
Moving label "_0025_" from metal1 to via1 in cell top.
Moving label "_0031_" from metal1 to via1 in cell top.
Moving label "_0044_" from metal1 to via1 in cell top.
Moving label "_0092_" from metal1 to via1 in cell top.
Moving label "_0105_" from metal1 to via1 in cell top.
Moving label "_0106_" from metal1 to via1 in cell top.
Moving label "_0109_" from metal1 to via1 in cell top.
Moving label "_0160_" from metal1 to via1 in cell top.
Moving label "_0182_" from metal1 to via1 in cell top.
Moving label "_0197_" from metal1 to via1 in cell top.
Moving label "_0200_" from metal1 to viali in cell top.
Moving label "_0231_" from metal1 to via1 in cell top.
Moving label "_0234_" from metal1 to via1 in cell top.
Moving label "_0249_" from metal1 to via1 in cell top.
Moving label "_0265_" from metal1 to via1 in cell top.
Moving label "_0303_" from metal1 to via1 in cell top.
Moving label "_0361_" from metal1 to via1 in cell top.
Moving label "_0436_" from metal1 to via1 in cell top.
Moving label "_0834_" from metal1 to viali in cell top.
Moving label "_0838_" from metal1 to viali in cell top.
Moving label "_0907_" from metal2 to via2 in cell top.
Moving label "_0916_" from metal2 to via2 in cell top.
Moving label "_0933_" from metal2 to via2 in cell top.
Moving label "_1005_" from metal1 to via1 in cell top.
Moving label "_1030_" from metal1 to viali in cell top.
Moving label "_1146_" from metal1 to viali in cell top.
Moving label "cdb_inst.alu_value\[18\]" from metal1 to viali in cell top.
Moving label "cycle_counter\[3\]" from metal2 to via2 in cell top.
Moving label "dmem_addr[26]" from metal2 to via2 in cell top.
Moving label "imem_addr[13]" from metal2 to via2 in cell top.
Moving label "imem_addr[15]" from metal2 to via2 in cell top.
Moving label "imem_addr[20]" from metal2 to via2 in cell top.
Moving label "imem_addr[22]" from metal2 to via2 in cell top.
Moving label "imem_addr[27]" from metal2 to via2 in cell top.
Moving label "imem_addr[30]" from metal2 to via2 in cell top.
Moving label "imem_addr[6]" from metal2 to via2 in cell top.
Moving label "net103" from metal2 to via2 in cell top.
Moving label "net116" from metal1 to viali in cell top.
Moving label "net2" from metal2 to via2 in cell top.
Moving label "net256" from metal1 to viali in cell top.
Moving label "net269" from metal1 to viali in cell top.
Moving label "net30" from metal2 to via2 in cell top.
Moving label "net31" from metal2 to via2 in cell top.
Moving label "net32" from metal2 to via2 in cell top.
Moving label "net352" from metal1 to viali in cell top.
Moving label "net38" from metal1 to viali in cell top.
Moving label "net76" from metal2 to via2 in cell top.
Moving label "net89" from metal2 to via2 in cell top.
Moving label "net91" from metal2 to via2 in cell top.
Moving label "net92" from metal2 to via2 in cell top.
Moving label "net96" from metal2 to via2 in cell top.
Moving label "rs_inst.vj_arr\[3\]\[19\]" from metal1 to via1 in cell top.
Moving label "rs_inst.vj_arr\[3\]\[29\]" from metal1 to via1 in cell top.
Moving label "rs_inst.vj_arr\[4\]\[6\]" from metal1 to via1 in cell top.
Processing top
Extracting top into top.ext:
exttospice finished.
