
===========================================================================
report_checks -unconstrained
===========================================================================
======================= Typical Corner ===================================

Startpoint: rst (input port clocked by clk)
Endpoint: _2812_ (rising edge-triggered flip-flop clocked by clk)
Path Group: clk
Path Type: max

Fanout     Cap    Slew   Delay    Time   Description
-----------------------------------------------------------------------------
                  0.15    0.00    0.00   clock clk (rise edge)
                          0.00    0.00   clock network delay (ideal)
                          4.00    4.00 ^ input external delay
     1    0.01    0.05    0.04    4.04 ^ rst (in)
                                         rst (net)
                  0.05    0.00    4.04 ^ input1/A (sky130_fd_sc_hd__buf_6)
     1    0.09    0.18    0.21    4.24 ^ input1/X (sky130_fd_sc_hd__buf_6)
                                         net1 (net)
                  0.18    0.01    4.25 ^ _1253_/A (sky130_fd_sc_hd__buf_8)
    10    0.10    0.16    0.23    4.48 ^ _1253_/X (sky130_fd_sc_hd__buf_8)
                                         _1074_ (net)
                  0.16    0.01    4.48 ^ _1256_/A (sky130_fd_sc_hd__inv_2)
     4    0.01    0.06    0.08    4.57 v _1256_/Y (sky130_fd_sc_hd__inv_2)
                                         _1077_ (net)
                  0.06    0.00    4.57 v _1266_/A (sky130_fd_sc_hd__buf_2)
    10    0.01    0.05    0.16    4.72 v _1266_/X (sky130_fd_sc_hd__buf_2)
                                         _1085_ (net)
                  0.05    0.00    4.72 v _1286_/A (sky130_fd_sc_hd__and3_1)
     1    0.00    0.04    0.15    4.87 v _1286_/X (sky130_fd_sc_hd__and3_1)
                                         _1099_ (net)
                  0.04    0.00    4.87 v _1287_/A (sky130_fd_sc_hd__clkbuf_4)
     8    0.04    0.08    0.19    5.06 v _1287_/X (sky130_fd_sc_hd__clkbuf_4)
                                         _1100_ (net)
                  0.08    0.00    5.07 v _2437_/A2 (sky130_fd_sc_hd__a22o_1)
     1    0.00    0.04    0.25    5.32 v _2437_/X (sky130_fd_sc_hd__a22o_1)
                                         _0308_ (net)
                  0.04    0.00    5.32 v _2812_/D (sky130_fd_sc_hd__dfxtp_1)
                                  5.32   data arrival time

                  0.15   20.00   20.00   clock clk (rise edge)
                          0.00   20.00   clock network delay (ideal)
                         -0.25   19.75   clock uncertainty
                          0.00   19.75   clock reconvergence pessimism
                                 19.75 ^ _2812_/CLK (sky130_fd_sc_hd__dfxtp_1)
                         -0.08   19.67   library setup time
                                 19.67   data required time
-----------------------------------------------------------------------------
                                 19.67   data required time
                                 -5.32   data arrival time
-----------------------------------------------------------------------------
                                 14.35   slack (MET)




===========================================================================
report_checks --slack_max -0.01
============================================================================
======================= Typical Corner ===================================

No paths found.


===========================================================================
 report_check_types -max_slew -max_cap -max_fanout -violators
============================================================================
======================= Typical Corner ===================================


max slew violations count Typical: 0
max fanout violations count Typical: 0
max cap violations count Typical: 0

===========================================================================
report_parasitic_annotation -report_unannotated
============================================================================
Found 2146 unannotated drivers.
 clk
 dmem_rdata[0]
 dmem_rdata[10]
 dmem_rdata[11]
 dmem_rdata[12]
 dmem_rdata[13]
 dmem_rdata[14]
 dmem_rdata[15]
 dmem_rdata[16]
 dmem_rdata[17]
 dmem_rdata[18]
 dmem_rdata[19]
 dmem_rdata[1]
 dmem_rdata[20]
 dmem_rdata[21]
 dmem_rdata[22]
 dmem_rdata[23]
 dmem_rdata[24]
 dmem_rdata[25]
 dmem_rdata[26]
 dmem_rdata[27]
 dmem_rdata[28]
 dmem_rdata[29]
 dmem_rdata[2]
 dmem_rdata[30]
 dmem_rdata[31]
 dmem_rdata[3]
 dmem_rdata[4]
 dmem_rdata[5]
 dmem_rdata[6]
 dmem_rdata[7]
 dmem_rdata[8]
 dmem_rdata[9]
 rst
 _1252_/X
 _1253_/X
 _1254_/Y
 _1255_/X
 _1256_/Y
 _1257_/X
 _1258_/X
 _1259_/X
 _1260_/X
 _1261_/X
 _1262_/X
 _1263_/X
 _1264_/X
 _1265_/X
 _1266_/X
 _1267_/X
 _1268_/X
 _1269_/X
 _1270_/X
 _1271_/X
 _1272_/X
 _1273_/X
 _1274_/X
 _1275_/X
 _1276_/X
 _1277_/X
 _1278_/X
 _1279_/X
 _1280_/X
 _1281_/X
 _1282_/X
 _1283_/X
 _1284_/X
 _1285_/X
 _1286_/X
 _1287_/X
 _1288_/X
 _1289_/X
 _1290_/X
 _1291_/X
 _1292_/X
 _1293_/X
 _1294_/X
 _1295_/X
 _1296_/X
 _1297_/X
 _1298_/X
 _1299_/X
 _1300_/X
 _1301_/X
 _1302_/X
 _1303_/X
 _1304_/X
 _1305_/X
 _1306_/X
 _1307_/X
 _1308_/X
 _1309_/X
 _1310_/X
 _1311_/X
 _1312_/X
 _1313_/X
 _1314_/X
 _1315_/X
 _1316_/X
 _1317_/X
 _1318_/X
 _1319_/X
 _1320_/X
 _1321_/X
 _1322_/X
 _1323_/X
 _1324_/X
 _1325_/X
 _1326_/X
 _1327_/X
 _1328_/X
 _1329_/X
 _1330_/X
 _1331_/X
 _1332_/X
 _1333_/X
 _1334_/X
 _1335_/X
 _1336_/X
 _1337_/X
 _1338_/X
 _1339_/X
 _1340_/X
 _1341_/X
 _1342_/X
 _1343_/X
 _1344_/X
 _1345_/X
 _1346_/X
 _1347_/X
 _1348_/X
 _1349_/X
 _1350_/X
 _1351_/X
 _1352_/X
 _1353_/X
 _1354_/X
 _1355_/X
 _1356_/X
 _1357_/X
 _1358_/X
 _1359_/X
 _1360_/X
 _1361_/X
 _1362_/X
 _1363_/X
 _1364_/X
 _1365_/X
 _1366_/X
 _1367_/X
 _1368_/X
 _1369_/X
 _1370_/X
 _1371_/X
 _1372_/X
 _1373_/X
 _1374_/X
 _1375_/X
 _1376_/X
 _1377_/X
 _1378_/X
 _1379_/X
 _1380_/X
 _1381_/X
 _1382_/X
 _1383_/X
 _1384_/X
 _1385_/X
 _1386_/X
 _1387_/X
 _1388_/X
 _1389_/X
 _1390_/X
 _1391_/X
 _1392_/X
 _1393_/X
 _1394_/X
 _1395_/Y
 _1396_/Y
 _1397_/Y
 _1398_/Y
 _1399_/X
 _1400_/X
 _1401_/X
 _1402_/X
 _1403_/X
 _1404_/X
 _1405_/X
 _1406_/Y
 _1407_/Y
 _1408_/X
 _1409_/X
 _1410_/X
 _1411_/X
 _1412_/X
 _1413_/X
 _1414_/X
 _1415_/X
 _1416_/X
 _1417_/X
 _1418_/X
 _1419_/X
 _1420_/X
 _1421_/X
 _1422_/X
 _1423_/X
 _1424_/X
 _1425_/X
 _1426_/X
 _1427_/X
 _1428_/X
 _1429_/X
 _1430_/X
 _1431_/X
 _1432_/X
 _1433_/X
 _1434_/X
 _1435_/X
 _1436_/X
 _1437_/X
 _1438_/X
 _1439_/X
 _1440_/X
 _1441_/X
 _1442_/X
 _1443_/X
 _1444_/X
 _1445_/X
 _1446_/X
 _1447_/X
 _1448_/X
 _1449_/X
 _1450_/X
 _1451_/X
 _1452_/X
 _1453_/X
 _1454_/X
 _1455_/X
 _1456_/X
 _1457_/X
 _1458_/X
 _1459_/X
 _1460_/X
 _1461_/X
 _1462_/X
 _1463_/X
 _1464_/X
 _1465_/X
 _1466_/X
 _1467_/X
 _1468_/X
 _1469_/X
 _1470_/X
 _1471_/X
 _1472_/X
 _1473_/X
 _1474_/X
 _1475_/X
 _1476_/X
 _1477_/X
 _1478_/X
 _1479_/X
 _1480_/X
 _1481_/X
 _1482_/X
 _1483_/X
 _1484_/X
 _1485_/X
 _1486_/X
 _1487_/X
 _1488_/X
 _1489_/X
 _1490_/X
 _1491_/X
 _1492_/X
 _1493_/X
 _1494_/Y
 _1495_/X
 _1496_/Y
 _1497_/X
 _1498_/Y
 _1499_/X
 _1500_/Y
 _1501_/X
 _1502_/X
 _1503_/X
 _1504_/X
 _1505_/Y
 _1506_/X
 _1507_/X
 _1508_/X
 _1509_/X
 _1510_/X
 _1511_/X
 _1512_/X
 _1513_/X
 _1514_/X
 _1515_/X
 _1516_/X
 _1517_/X
 _1518_/X
 _1519_/X
 _1520_/X
 _1521_/X
 _1522_/X
 _1523_/X
 _1524_/X
 _1525_/X
 _1526_/X
 _1527_/X
 _1528_/X
 _1529_/X
 _1530_/X
 _1531_/X
 _1532_/X
 _1533_/X
 _1534_/X
 _1535_/X
 _1536_/X
 _1537_/X
 _1538_/X
 _1539_/X
 _1540_/X
 _1541_/X
 _1542_/X
 _1543_/Y
 _1544_/Y
 _1545_/Y
 _1546_/X
 _1547_/X
 _1548_/X
 _1549_/X
 _1550_/X
 _1551_/Y
 _1552_/Y
 _1553_/Y
 _1554_/X
 _1555_/Y
 _1556_/Y
 _1557_/X
 _1558_/X
 _1559_/X
 _1560_/Y
 _1561_/Y
 _1562_/X
 _1563_/Y
 _1564_/X
 _1565_/Y
 _1566_/Y
 _1567_/X
 _1568_/X
 _1569_/X
 _1570_/Y
 _1571_/X
 _1572_/X
 _1573_/X
 _1574_/Y
 _1575_/X
 _1576_/X
 _1577_/X
 _1578_/X
 _1579_/Y
 _1580_/X
 _1581_/X
 _1582_/Y
 _1583_/X
 _1584_/Y
 _1585_/Y
 _1586_/Y
 _1587_/X
 _1588_/Y
 _1589_/X
 _1590_/X
 _1591_/Y
 _1592_/X
 _1593_/Y
 _1594_/X
 _1595_/Y
 _1596_/X
 _1597_/X
 _1598_/Y
 _1599_/Y
 _1600_/X
 _1601_/X
 _1602_/X
 _1603_/X
 _1604_/Y
 _1605_/Y
 _1606_/X
 _1607_/X
 _1608_/X
 _1609_/Y
 _1610_/X
 _1611_/X
 _1612_/X
 _1613_/X
 _1614_/Y
 _1615_/Y
 _1616_/Y
 _1617_/X
 _1618_/Y
 _1619_/X
 _1620_/Y
 _1621_/X
 _1622_/X
 _1623_/X
 _1624_/X
 _1625_/X
 _1626_/Y
 _1627_/X
 _1628_/X
 _1629_/X
 _1630_/Y
 _1631_/X
 _1632_/Y
 _1633_/Y
 _1634_/Y
 _1635_/Y
 _1636_/X
 _1637_/X
 _1638_/Y
 _1639_/Y
 _1640_/Y
 _1641_/X
 _1642_/Y
 _1643_/Y
 _1644_/Y
 _1645_/X
 _1646_/Y
 _1647_/X
 _1648_/Y
 _1649_/Y
 _1650_/X
 _1651_/X
 _1652_/Y
 _1653_/Y
 _1654_/Y
 _1655_/Y
 _1656_/Y
 _1657_/Y
 _1658_/Y
 _1659_/X
 _1660_/Y
 _1661_/Y
 _1662_/Y
 _1663_/Y
 _1664_/Y
 _1665_/X
 _1666_/Y
 _1667_/Y
 _1668_/X
 _1669_/Y
 _1670_/Y
 _1671_/Y
 _1672_/X
 _1673_/X
 _1674_/Y
 _1675_/Y
 _1676_/Y
 _1677_/Y
 _1678_/X
 _1679_/Y
 _1680_/Y
 _1681_/Y
 _1682_/Y
 _1683_/Y
 _1684_/X
 _1685_/Y
 _1686_/X
 _1687_/X
 _1688_/Y
 _1689_/X
 _1690_/Y
 _1691_/Y
 _1692_/Y
 _1693_/Y
 _1694_/Y
 _1695_/Y
 _1696_/Y
 _1697_/Y
 _1698_/Y
 _1699_/Y
 _1700_/Y
 _1701_/X
 _1702_/X
 _1703_/Y
 _1704_/X
 _1705_/Y
 _1706_/X
 _1707_/Y
 _1708_/X
 _1709_/X
 _1710_/Y
 _1711_/Y
 _1712_/Y
 _1713_/X
 _1714_/Y
 _1715_/Y
 _1716_/Y
 _1717_/Y
 _1718_/Y
 _1719_/Y
 _1720_/Y
 _1721_/Y
 _1722_/Y
 _1723_/X
 _1724_/Y
 _1725_/X
 _1726_/Y
 _1727_/X
 _1728_/Y
 _1729_/Y
 _1730_/X
 _1731_/X
 _1732_/Y
 _1733_/Y
 _1734_/Y
 _1735_/X
 _1736_/Y
 _1737_/Y
 _1738_/Y
 _1739_/Y
 _1740_/Y
 _1741_/Y
 _1742_/Y
 _1743_/X
 _1744_/Y
 _1745_/Y
 _1746_/X
 _1747_/X
 _1748_/Y
 _1749_/Y
 _1750_/Y
 _1751_/Y
 _1752_/Y
 _1753_/X
 _1754_/Y
 _1755_/Y
 _1756_/Y
 _1757_/Y
 _1758_/Y
 _1759_/Y
 _1760_/Y
 _1761_/X
 _1762_/Y
 _1763_/Y
 _1764_/X
 _1765_/Y
 _1766_/Y
 _1767_/Y
 _1768_/Y
 _1769_/Y
 _1770_/Y
 _1771_/Y
 _1772_/Y
 _1773_/X
 _1774_/Y
 _1775_/Y
 _1776_/Y
 _1777_/Y
 _1778_/X
 _1779_/Y
 _1780_/Y
 _1781_/X
 _1782_/Y
 _1783_/Y
 _1784_/Y
 _1785_/X
 _1786_/Y
 _1787_/Y
 _1788_/Y
 _1789_/Y
 _1790_/Y
 _1791_/Y
 _1792_/Y
 _1793_/X
 _1794_/Y
 _1795_/X
 _1796_/Y
 _1797_/X
 _1798_/X
 _1799_/Y
 _1800_/Y
 _1801_/X
 _1802_/Y
 _1803_/Y
 _1804_/Y
 _1805_/X
 _1806_/Y
 _1807_/Y
 _1808_/Y
 _1809_/Y
 _1810_/Y
 _1811_/X
 _1812_/Y
 _1813_/Y
 _1814_/Y
 _1815_/X
 _1816_/Y
 _1817_/X
 _1818_/Y
 _1819_/X
 _1820_/Y
 _1821_/X
 _1822_/Y
 _1823_/X
 _1824_/Y
 _1825_/Y
 _1826_/Y
 _1827_/Y
 _1828_/X
 _1829_/X
 _1830_/Y
 _1831_/Y
 _1832_/Y
 _1833_/X
 _1834_/Y
 _1835_/Y
 _1836_/Y
 _1837_/X
 _1838_/Y
 _1839_/X
 _1840_/Y
 _1841_/Y
 _1842_/X
 _1843_/X
 _1844_/Y
 _1845_/Y
 _1846_/Y
 _1847_/Y
 _1848_/Y
 _1849_/Y
 _1850_/Y
 _1851_/X
 _1852_/Y
 _1853_/Y
 _1854_/Y
 _1855_/Y
 _1856_/Y
 _1857_/X
 _1858_/Y
 _1859_/Y
 _1860_/X
 _1861_/Y
 _1862_/Y
 _1863_/Y
 _1864_/X
 _1865_/Y
 _1866_/Y
 _1867_/Y
 _1868_/Y
 _1869_/X
 _1870_/Y
 _1871_/Y
 _1872_/Y
 _1873_/Y
 _1874_/Y
 _1875_/X
 _1876_/Y
 _1877_/X
 _1878_/X
 _1879_/Y
 _1880_/X
 _1881_/Y
 _1882_/Y
 _1883_/Y
 _1884_/Y
 _1885_/Y
 _1886_/Y
 _1887_/Y
 _1888_/Y
 _1889_/Y
 _1890_/Y
 _1891_/Y
 _1892_/X
 _1893_/X
 _1894_/Y
 _1895_/X
 _1896_/Y
 _1897_/X
 _1898_/Y
 _1899_/X
 _1900_/X
 _1901_/Y
 _1902_/Y
 _1903_/Y
 _1904_/X
 _1905_/Y
 _1906_/Y
 _1907_/Y
 _1908_/Y
 _1909_/Y
 _1910_/Y
 _1911_/Y
 _1912_/Y
 _1913_/Y
 _1914_/X
 _1915_/Y
 _1916_/Y
 _1917_/X
 _1918_/Y
 _1919_/Y
 _1920_/Y
 _1921_/Y
 _1922_/Y
 _1923_/Y
 _1924_/Y
 _1925_/Y
 _1926_/Y
 _1927_/Y
 _1928_/Y
 _1929_/Y
 _1930_/X
 _1931_/Y
 _1932_/Y
 _1933_/X
 _1934_/Y
 _1935_/Y
 _1936_/Y
 _1937_/Y
 _1938_/Y
 _1939_/Y
 _1940_/Y
 _1941_/Y
 _1942_/Y
 _1943_/Y
 _1944_/Y
 _1945_/Y
 _1946_/X
 _1947_/Y
 _1948_/Y
 _1949_/X
 _1950_/Y
 _1951_/Y
 _1952_/Y
 _1953_/Y
 _1954_/Y
 _1955_/Y
 _1956_/Y
 _1957_/Y
 _1958_/X
 _1959_/Y
 _1960_/Y
 _1961_/Y
 _1962_/Y
 _1963_/X
 _1964_/Y
 _1965_/Y
 _1966_/X
 _1967_/Y
 _1968_/Y
 _1969_/Y
 _1970_/Y
 _1971_/Y
 _1972_/Y
 _1973_/Y
 _1974_/Y
 _1975_/Y
 _1976_/Y
 _1977_/Y
 _1978_/Y
 _1979_/X
 _1980_/X
 _1981_/Y
 _1982_/Y
 _1983_/X
 _1984_/Y
 _1985_/Y
 _1986_/Y
 _1987_/Y
 _1988_/Y
 _1989_/Y
 _1990_/Y
 _1991_/Y
 _1992_/X
 _1993_/Y
 _1994_/Y
 _1995_/Y
 _1996_/Y
 _1997_/X
 _1998_/Y
 _1999_/X
 _2000_/Y
 _2001_/X
 _2002_/Y
 _2003_/X
 _2004_/Y
 _2005_/Y
 _2006_/Y
 _2007_/Y
 _2008_/Y
 _2009_/Y
 _2010_/Y
 _2011_/X
 _2012_/Y
 _2013_/Y
 _2014_/Y
 _2015_/Y
 _2016_/X
 _2017_/Y
 _2018_/Y
 _2019_/X
 _2020_/Y
 _2021_/Y
 _2022_/Y
 _2023_/Y
 _2024_/Y
 _2025_/Y
 _2026_/Y
 _2027_/Y
 _2028_/Y
 _2029_/Y
 _2030_/Y
 _2031_/Y
 _2032_/X
 _2033_/Y
 _2034_/Y
 _2035_/X
 _2036_/Y
 _2037_/Y
 _2038_/Y
 _2039_/Y
 _2040_/Y
 _2041_/Y
 _2042_/Y
 _2043_/Y
 _2044_/Y
 _2045_/Y
 _2046_/Y
 _2047_/Y
 _2048_/X
 _2049_/Y
 _2050_/Y
 _2051_/X
 _2052_/Y
 _2053_/Y
 _2054_/Y
 _2055_/Y
 _2056_/Y
 _2057_/Y
 _2058_/Y
 _2059_/Y
 _2060_/Y
 _2061_/Y
 _2062_/X
 _2063_/X
 _2064_/X
 _2065_/Y
 _2066_/X
 _2067_/Y
 _2068_/Y
 _2069_/X
 _2070_/X
 _2071_/X
 _2072_/Y
 _2073_/X
 _2074_/X
 _2075_/Y
 _2076_/Y
 _2077_/Y
 _2078_/Y
 _2079_/Y
 _2080_/Y
 _2081_/Y
 _2082_/Y
 _2083_/X
 _2084_/Y
 _2085_/X
 _2086_/Y
 _2087_/Y
 _2088_/Y
 _2089_/Y
 _2090_/Y
 _2091_/Y
 _2092_/Y
 _2093_/Y
 _2094_/Y
 _2095_/Y
 _2096_/Y
 _2097_/X
 _2098_/Y
 _2099_/X
 _2100_/Y
 _2101_/Y
 _2102_/Y
 _2103_/Y
 _2104_/Y
 _2105_/Y
 _2106_/Y
 _2107_/Y
 _2108_/Y
 _2109_/Y
 _2110_/Y
 _2111_/X
 _2112_/Y
 _2113_/X
 _2114_/Y
 _2115_/Y
 _2116_/Y
 _2117_/Y
 _2118_/Y
 _2119_/Y
 _2120_/Y
 _2121_/Y
 _2122_/Y
 _2123_/Y
 _2124_/Y
 _2125_/X
 _2126_/Y
 _2127_/X
 _2128_/Y
 _2129_/Y
 _2130_/Y
 _2131_/Y
 _2132_/Y
 _2133_/Y
 _2134_/Y
 _2135_/Y
 _2136_/Y
 _2137_/Y
 _2138_/Y
 _2139_/X
 _2140_/Y
 _2141_/X
 _2142_/Y
 _2143_/Y
 _2144_/Y
 _2145_/Y
 _2146_/Y
 _2147_/Y
 _2148_/Y
 _2149_/Y
 _2150_/Y
 _2151_/Y
 _2152_/Y
 _2153_/X
 _2154_/Y
 _2155_/X
 _2156_/Y
 _2157_/Y
 _2158_/Y
 _2159_/Y
 _2160_/Y
 _2161_/Y
 _2162_/Y
 _2163_/Y
 _2164_/Y
 _2165_/Y
 _2166_/Y
 _2167_/Y
 _2168_/X
 _2169_/X
 _2170_/X
 _2171_/X
 _2172_/X
 _2173_/X
 _2174_/X
 _2175_/X
 _2176_/X
 _2177_/X
 _2178_/X
 _2179_/X
 _2180_/X
 _2181_/X
 _2182_/X
 _2183_/X
 _2184_/X
 _2185_/X
 _2186_/X
 _2187_/X
 _2188_/X
 _2189_/X
 _2190_/X
 _2191_/X
 _2192_/X
 _2193_/X
 _2194_/X
 _2195_/X
 _2196_/X
 _2197_/X
 _2198_/X
 _2199_/X
 _2200_/X
 _2201_/X
 _2202_/X
 _2203_/X
 _2204_/X
 _2205_/X
 _2206_/Y
 _2207_/X
 _2208_/X
 _2209_/X
 _2210_/X
 _2211_/X
 _2212_/X
 _2213_/X
 _2214_/X
 _2215_/X
 _2216_/X
 _2217_/X
 _2218_/X
 _2219_/X
 _2220_/X
 _2221_/X
 _2222_/X
 _2223_/X
 _2224_/X
 _2225_/X
 _2226_/X
 _2227_/X
 _2228_/X
 _2229_/X
 _2230_/X
 _2231_/X
 _2232_/X
 _2233_/X
 _2234_/X
 _2235_/X
 _2236_/X
 _2237_/X
 _2238_/X
 _2239_/X
 _2240_/X
 _2241_/X
 _2242_/X
 _2243_/X
 _2244_/X
 _2245_/Y
 _2246_/X
 _2247_/X
 _2248_/X
 _2249_/X
 _2250_/X
 _2251_/X
 _2252_/X
 _2253_/X
 _2254_/X
 _2255_/X
 _2256_/X
 _2257_/X
 _2258_/X
 _2259_/X
 _2260_/X
 _2261_/X
 _2262_/X
 _2263_/X
 _2264_/X
 _2265_/X
 _2266_/X
 _2267_/X
 _2268_/X
 _2269_/X
 _2270_/X
 _2271_/X
 _2272_/X
 _2273_/X
 _2274_/X
 _2275_/X
 _2276_/X
 _2277_/X
 _2278_/X
 _2279_/X
 _2280_/X
 _2281_/X
 _2282_/X
 _2283_/Y
 _2284_/X
 _2285_/X
 _2286_/X
 _2287_/X
 _2288_/X
 _2289_/X
 _2290_/X
 _2291_/X
 _2292_/X
 _2293_/X
 _2294_/X
 _2295_/X
 _2296_/X
 _2297_/X
 _2298_/X
 _2299_/X
 _2300_/X
 _2301_/X
 _2302_/X
 _2303_/X
 _2304_/X
 _2305_/X
 _2306_/X
 _2307_/X
 _2308_/X
 _2309_/X
 _2310_/X
 _2311_/X
 _2312_/X
 _2313_/X
 _2314_/X
 _2315_/X
 _2316_/X
 _2317_/X
 _2318_/X
 _2319_/X
 _2320_/X
 _2321_/Y
 _2322_/X
 _2323_/Y
 _2324_/X
 _2325_/X
 _2326_/Y
 _2327_/X
 _2328_/X
 _2329_/Y
 _2330_/Y
 _2331_/X
 _2332_/X
 _2333_/X
 _2334_/X
 _2335_/X
 _2336_/X
 _2337_/Y
 _2338_/X
 _2339_/X
 _2340_/Y
 _2341_/X
 _2342_/Y
 _2343_/X
 _2344_/Y
 _2345_/Y
 _2346_/Y
 _2347_/Y
 _2348_/Y
 _2349_/X
 _2350_/Y
 _2351_/X
 _2352_/Y
 _2353_/Y
 _2354_/X
 _2355_/Y
 _2356_/Y
 _2357_/Y
 _2358_/Y
 _2359_/Y
 _2360_/Y
 _2361_/Y
 _2362_/X
 _2363_/Y
 _2364_/X
 _2365_/Y
 _2366_/Y
 _2367_/X
 _2368_/Y
 _2369_/Y
 _2370_/Y
 _2371_/X
 _2372_/X
 _2373_/X
 _2374_/X
 _2375_/Y
 _2376_/X
 _2377_/X
 _2378_/Y
 _2379_/Y
 _2380_/X
 _2381_/X
 _2382_/X
 _2383_/X
 _2384_/X
 _2385_/X
 _2386_/Y
 _2387_/Y
 _2388_/X
 _2389_/Y
 _2390_/Y
 _2391_/X
 _2392_/Y
 _2393_/Y
 _2394_/X
 _2395_/Y
 _2396_/Y
 _2397_/Y
 _2398_/X
 _2399_/X
 _2400_/Y
 _2401_/Y
 _2402_/X
 _2403_/Y
 _2404_/Y
 _2405_/X
 _2406_/X
 _2407_/X
 _2408_/Y
 _2409_/Y
 _2410_/X
 _2411_/Y
 _2412_/X
 _2413_/X
 _2414_/X
 _2415_/X
 _2416_/Y
 _2417_/X
 _2418_/X
 _2419_/X
 _2420_/X
 _2421_/Y
 _2422_/X
 _2423_/X
 _2424_/Y
 _2425_/Y
 _2426_/X
 _2427_/Y
 _2428_/X
 _2429_/X
 _2430_/X
 _2431_/X
 _2432_/X
 _2433_/X
 _2434_/X
 _2435_/X
 _2436_/X
 _2437_/X
 _2438_/X
 _2439_/X
 _2440_/X
 _2441_/X
 _2442_/X
 _2443_/X
 _2444_/X
 _2445_/X
 _2446_/X
 _2447_/X
 _2448_/X
 _2449_/X
 _2450_/X
 _2451_/X
 _2452_/X
 _2453_/X
 _2454_/X
 _2455_/X
 _2456_/X
 _2457_/X
 _2458_/X
 _2459_/X
 _2460_/X
 _2461_/X
 _2462_/X
 _2463_/X
 _2464_/X
 _2465_/X
 _2466_/Y
 _2467_/X
 _2468_/X
 _2469_/X
 _2470_/X
 _2471_/X
 _2472_/X
 _2473_/X
 _2474_/X
 _2475_/X
 _2476_/X
 _2477_/X
 _2478_/X
 _2479_/X
 _2480_/X
 _2481_/X
 _2482_/X
 _2483_/X
 _2484_/X
 _2485_/X
 _2486_/X
 _2487_/X
 _2488_/X
 _2489_/X
 _2490_/X
 _2491_/X
 _2492_/X
 _2493_/X
 _2494_/X
 _2495_/X
 _2496_/X
 _2497_/X
 _2498_/X
 _2499_/X
 _2500_/X
 _2501_/X
 _2502_/X
 _2503_/X
 _2504_/Q
 _2505_/Q
 _2506_/Q
 _2507_/Q
 _2508_/Q
 _2509_/Q
 _2510_/Q
 _2511_/Q
 _2512_/Q
 _2513_/Q
 _2514_/Q
 _2515_/Q
 _2516_/Q
 _2517_/Q
 _2518_/Q
 _2519_/Q
 _2520_/Q
 _2521_/Q
 _2522_/Q
 _2523_/Q
 _2524_/Q
 _2525_/Q
 _2526_/Q
 _2527_/Q
 _2528_/Q
 _2529_/Q
 _2530_/Q
 _2531_/Q
 _2532_/Q
 _2533_/Q
 _2534_/Q
 _2535_/Q
 _2536_/Q
 _2537_/Q
 _2538_/Q
 _2539_/Q
 _2540_/Q
 _2541_/Q
 _2542_/Q
 _2543_/Q
 _2544_/Q
 _2545_/Q
 _2546_/Q
 _2547_/Q
 _2548_/Q
 _2549_/Q
 _2550_/Q
 _2551_/Q
 _2552_/Q
 _2553_/Q
 _2554_/Q
 _2555_/Q
 _2556_/Q
 _2557_/Q
 _2558_/Q
 _2559_/Q
 _2560_/Q
 _2561_/Q
 _2562_/Q
 _2563_/Q
 _2564_/Q
 _2565_/Q
 _2566_/Q
 _2567_/Q
 _2568_/Q
 _2569_/Q
 _2570_/Q
 _2571_/Q
 _2572_/Q
 _2573_/Q
 _2574_/Q
 _2575_/Q
 _2576_/Q
 _2577_/Q
 _2578_/Q
 _2579_/Q
 _2580_/Q
 _2581_/Q
 _2582_/Q
 _2583_/Q
 _2584_/Q
 _2585_/Q
 _2586_/Q
 _2587_/Q
 _2588_/Q
 _2589_/Q
 _2590_/Q
 _2591_/Q
 _2592_/Q
 _2593_/Q
 _2594_/Q
 _2595_/Q
 _2596_/Q
 _2597_/Q
 _2598_/Q
 _2599_/Q
 _2600_/Q
 _2601_/Q
 _2602_/Q
 _2603_/Q
 _2604_/Q
 _2605_/Q
 _2606_/Q
 _2607_/Q
 _2608_/Q
 _2609_/Q
 _2610_/Q
 _2611_/Q
 _2612_/Q
 _2613_/Q
 _2614_/Q
 _2615_/Q
 _2616_/Q
 _2617_/Q
 _2618_/Q
 _2619_/Q
 _2620_/Q
 _2621_/Q
 _2622_/Q
 _2623_/Q
 _2624_/Q
 _2625_/Q
 _2626_/Q
 _2627_/Q
 _2628_/Q
 _2629_/Q
 _2630_/Q
 _2631_/Q
 _2632_/Q
 _2633_/Q
 _2634_/Q
 _2635_/Q
 _2636_/Q
 _2637_/Q
 _2638_/Q
 _2639_/Q
 _2640_/Q
 _2641_/Q
 _2642_/Q
 _2643_/Q
 _2644_/Q
 _2645_/Q
 _2646_/Q
 _2647_/Q
 _2648_/Q
 _2649_/Q
 _2650_/Q
 _2651_/Q
 _2652_/Q
 _2653_/Q
 _2654_/Q
 _2655_/Q
 _2656_/Q
 _2657_/Q
 _2658_/Q
 _2659_/Q
 _2660_/Q
 _2661_/Q
 _2662_/Q
 _2663_/Q
 _2664_/Q
 _2665_/Q
 _2666_/Q
 _2667_/Q
 _2668_/Q
 _2669_/Q
 _2670_/Q
 _2671_/Q
 _2672_/Q
 _2673_/Q
 _2674_/Q
 _2675_/Q
 _2676_/Q
 _2677_/Q
 _2678_/Q
 _2679_/Q
 _2680_/Q
 _2681_/Q
 _2682_/Q
 _2683_/Q
 _2684_/Q
 _2685_/Q
 _2686_/Q
 _2687_/Q
 _2688_/Q
 _2689_/Q
 _2690_/Q
 _2691_/Q
 _2692_/Q
 _2693_/Q
 _2694_/Q
 _2695_/Q
 _2696_/Q
 _2697_/Q
 _2698_/Q
 _2699_/Q
 _2700_/Q
 _2701_/Q
 _2702_/Q
 _2703_/Q
 _2704_/Q
 _2705_/Q
 _2706_/Q
 _2707_/Q
 _2708_/Q
 _2709_/Q
 _2710_/Q
 _2711_/Q
 _2712_/Q
 _2713_/Q
 _2714_/Q
 _2715_/Q
 _2716_/Q
 _2717_/Q
 _2718_/Q
 _2719_/Q
 _2720_/Q
 _2721_/Q
 _2722_/Q
 _2723_/Q
 _2724_/Q
 _2725_/Q
 _2726_/Q
 _2727_/Q
 _2728_/Q
 _2729_/Q
 _2730_/Q
 _2731_/Q
 _2732_/Q
 _2733_/Q
 _2734_/Q
 _2735_/Q
 _2736_/Q
 _2737_/Q
 _2738_/Q
 _2739_/Q
 _2740_/Q
 _2741_/Q
 _2742_/Q
 _2743_/Q
 _2744_/Q
 _2745_/Q
 _2746_/Q
 _2747_/Q
 _2748_/Q
 _2749_/Q
 _2750_/Q
 _2751_/Q
 _2752_/Q
 _2753_/Q
 _2754_/Q
 _2755_/Q
 _2756_/Q
 _2757_/Q
 _2758_/Q
 _2759_/Q
 _2760_/Q
 _2761_/Q
 _2762_/Q
 _2763_/Q
 _2764_/Q
 _2765_/Q
 _2766_/Q
 _2767_/Q
 _2768_/Q
 _2769_/Q
 _2770_/Q
 _2771_/Q
 _2772_/Q
 _2773_/Q
 _2774_/Q
 _2775_/Q
 _2776_/Q
 _2777_/Q
 _2778_/Q
 _2779_/Q
 _2780_/Q
 _2781_/Q
 _2782_/Q
 _2783_/Q
 _2784_/Q
 _2785_/Q
 _2786_/Q
 _2787_/Q
 _2788_/Q
 _2789_/Q
 _2790_/Q
 _2791_/Q
 _2792_/Q
 _2793_/Q
 _2794_/Q
 _2795_/Q
 _2796_/Q
 _2797_/Q
 _2798_/Q
 _2799_/Q
 _2800_/Q
 _2801_/Q
 _2802_/Q
 _2803_/Q
 _2804_/Q
 _2805_/Q
 _2806_/Q
 _2807_/Q
 _2808_/Q
 _2809_/Q
 _2810_/Q
 _2811_/Q
 _2812_/Q
 _2813_/Q
 _2814_/Q
 _2815_/Q
 _2816_/Q
 _2817_/Q
 _2818_/Q
 _2819_/Q
 _2820_/Q
 _2821_/Q
 _2822_/Q
 _2823_/Q
 _2824_/Q
 _2825_/Q
 _2826_/Q
 _2827_/Q
 _2828_/Q
 _2829_/Q
 _2830_/Q
 _2831_/Q
 _2832_/Q
 _2833_/Q
 _2834_/Q
 _2835_/Q
 _2836_/Q
 _2837_/Q
 _2838_/Q
 _2839_/Q
 _2840_/Q
 _2841_/Q
 _2842_/Q
 _2843_/Q
 _2844_/Q
 _2845_/Q
 _2846_/Q
 _2847_/Q
 _2848_/Q
 _2849_/Q
 _2850_/Q
 _2851_/Q
 _2852_/Q
 _2853_/Q
 _2854_/Q
 _2855_/Q
 _2856_/Q
 _2857_/Q
 _2858_/Q
 _2859_/Q
 _2860_/Q
 _2861_/Q
 _2862_/Q
 _2863_/Q
 _2864_/Q
 _2865_/Q
 _2866_/Q
 _2867_/Q
 clkbuf_0_clk/X
 clkbuf_3_0__f_clk/X
 clkbuf_3_1__f_clk/X
 clkbuf_3_2__f_clk/X
 clkbuf_3_3__f_clk/X
 clkbuf_3_4__f_clk/X
 clkbuf_3_5__f_clk/X
 clkbuf_3_6__f_clk/X
 clkbuf_3_7__f_clk/X
 clkbuf_leaf_0_clk/X
 clkbuf_leaf_10_clk/X
 clkbuf_leaf_12_clk/X
 clkbuf_leaf_13_clk/X
 clkbuf_leaf_14_clk/X
 clkbuf_leaf_15_clk/X
 clkbuf_leaf_16_clk/X
 clkbuf_leaf_17_clk/X
 clkbuf_leaf_18_clk/X
 clkbuf_leaf_19_clk/X
 clkbuf_leaf_1_clk/X
 clkbuf_leaf_20_clk/X
 clkbuf_leaf_21_clk/X
 clkbuf_leaf_22_clk/X
 clkbuf_leaf_23_clk/X
 clkbuf_leaf_24_clk/X
 clkbuf_leaf_25_clk/X
 clkbuf_leaf_26_clk/X
 clkbuf_leaf_27_clk/X
 clkbuf_leaf_28_clk/X
 clkbuf_leaf_29_clk/X
 clkbuf_leaf_2_clk/X
 clkbuf_leaf_30_clk/X
 clkbuf_leaf_31_clk/X
 clkbuf_leaf_33_clk/X
 clkbuf_leaf_34_clk/X
 clkbuf_leaf_36_clk/X
 clkbuf_leaf_37_clk/X
 clkbuf_leaf_38_clk/X
 clkbuf_leaf_39_clk/X
 clkbuf_leaf_3_clk/X
 clkbuf_leaf_40_clk/X
 clkbuf_leaf_41_clk/X
 clkbuf_leaf_42_clk/X
 clkbuf_leaf_43_clk/X
 clkbuf_leaf_44_clk/X
 clkbuf_leaf_45_clk/X
 clkbuf_leaf_46_clk/X
 clkbuf_leaf_48_clk/X
 clkbuf_leaf_49_clk/X
 clkbuf_leaf_4_clk/X
 clkbuf_leaf_50_clk/X
 clkbuf_leaf_51_clk/X
 clkbuf_leaf_52_clk/X
 clkbuf_leaf_53_clk/X
 clkbuf_leaf_54_clk/X
 clkbuf_leaf_55_clk/X
 clkbuf_leaf_56_clk/X
 clkbuf_leaf_57_clk/X
 clkbuf_leaf_58_clk/X
 clkbuf_leaf_59_clk/X
 clkbuf_leaf_5_clk/X
 clkbuf_leaf_60_clk/X
 clkbuf_leaf_6_clk/X
 clkbuf_leaf_7_clk/X
 clkbuf_leaf_8_clk/X
 clkbuf_leaf_9_clk/X
 fanout68/X
 hold1/X
 hold10/X
 hold100/X
 hold101/X
 hold102/X
 hold103/X
 hold104/X
 hold105/X
 hold106/X
 hold107/X
 hold108/X
 hold109/X
 hold11/X
 hold110/X
 hold111/X
 hold112/X
 hold113/X
 hold114/X
 hold115/X
 hold116/X
 hold117/X
 hold118/X
 hold119/X
 hold12/X
 hold120/X
 hold121/X
 hold122/X
 hold123/X
 hold124/X
 hold125/X
 hold126/X
 hold127/X
 hold128/X
 hold129/X
 hold13/X
 hold130/X
 hold131/X
 hold132/X
 hold133/X
 hold134/X
 hold135/X
 hold136/X
 hold137/X
 hold138/X
 hold139/X
 hold14/X
 hold140/X
 hold141/X
 hold142/X
 hold143/X
 hold144/X
 hold145/X
 hold146/X
 hold147/X
 hold148/X
 hold149/X
 hold15/X
 hold150/X
 hold151/X
 hold152/X
 hold153/X
 hold154/X
 hold155/X
 hold156/X
 hold157/X
 hold158/X
 hold159/X
 hold16/X
 hold160/X
 hold161/X
 hold162/X
 hold163/X
 hold164/X
 hold165/X
 hold166/X
 hold167/X
 hold168/X
 hold169/X
 hold17/X
 hold170/X
 hold171/X
 hold172/X
 hold173/X
 hold174/X
 hold175/X
 hold176/X
 hold177/X
 hold178/X
 hold179/X
 hold18/X
 hold180/X
 hold181/X
 hold182/X
 hold183/X
 hold184/X
 hold185/X
 hold186/X
 hold187/X
 hold188/X
 hold189/X
 hold19/X
 hold190/X
 hold191/X
 hold192/X
 hold193/X
 hold194/X
 hold195/X
 hold196/X
 hold197/X
 hold198/X
 hold199/X
 hold2/X
 hold20/X
 hold200/X
 hold201/X
 hold202/X
 hold203/X
 hold204/X
 hold205/X
 hold206/X
 hold207/X
 hold208/X
 hold209/X
 hold21/X
 hold210/X
 hold211/X
 hold212/X
 hold213/X
 hold214/X
 hold215/X
 hold216/X
 hold217/X
 hold218/X
 hold219/X
 hold22/X
 hold220/X
 hold221/X
 hold222/X
 hold223/X
 hold224/X
 hold225/X
 hold226/X
 hold227/X
 hold228/X
 hold229/X
 hold23/X
 hold230/X
 hold231/X
 hold232/X
 hold233/X
 hold234/X
 hold235/X
 hold236/X
 hold237/X
 hold238/X
 hold239/X
 hold24/X
 hold240/X
 hold241/X
 hold242/X
 hold243/X
 hold244/X
 hold245/X
 hold246/X
 hold247/X
 hold248/X
 hold249/X
 hold25/X
 hold250/X
 hold251/X
 hold252/X
 hold253/X
 hold254/X
 hold255/X
 hold256/X
 hold257/X
 hold258/X
 hold259/X
 hold26/X
 hold260/X
 hold261/X
 hold262/X
 hold263/X
 hold264/X
 hold265/X
 hold266/X
 hold267/X
 hold268/X
 hold269/X
 hold27/X
 hold270/X
 hold271/X
 hold272/X
 hold273/X
 hold274/X
 hold275/X
 hold276/X
 hold277/X
 hold278/X
 hold279/X
 hold28/X
 hold280/X
 hold281/X
 hold282/X
 hold283/X
 hold284/X
 hold285/X
 hold286/X
 hold287/X
 hold288/X
 hold289/X
 hold29/X
 hold290/X
 hold3/X
 hold30/X
 hold31/X
 hold32/X
 hold33/X
 hold34/X
 hold35/X
 hold36/X
 hold37/X
 hold38/X
 hold39/X
 hold4/X
 hold40/X
 hold41/X
 hold42/X
 hold43/X
 hold44/X
 hold45/X
 hold46/X
 hold47/X
 hold48/X
 hold49/X
 hold5/X
 hold50/X
 hold51/X
 hold52/X
 hold53/X
 hold54/X
 hold55/X
 hold56/X
 hold57/X
 hold58/X
 hold59/X
 hold6/X
 hold60/X
 hold61/X
 hold62/X
 hold63/X
 hold64/X
 hold65/X
 hold66/X
 hold67/X
 hold68/X
 hold69/X
 hold7/X
 hold70/X
 hold71/X
 hold72/X
 hold73/X
 hold74/X
 hold75/X
 hold76/X
 hold77/X
 hold78/X
 hold79/X
 hold8/X
 hold80/X
 hold81/X
 hold82/X
 hold83/X
 hold84/X
 hold85/X
 hold86/X
 hold87/X
 hold88/X
 hold89/X
 hold9/X
 hold90/X
 hold91/X
 hold92/X
 hold93/X
 hold94/X
 hold95/X
 hold96/X
 hold97/X
 hold98/X
 hold99/X
 input1/X
 max_cap64/X
 max_cap65/X
 max_cap66/X
 output10/X
 output11/X
 output12/X
 output13/X
 output14/X
 output15/X
 output16/X
 output17/X
 output18/X
 output19/X
 output2/X
 output20/X
 output21/X
 output22/X
 output23/X
 output24/X
 output25/X
 output26/X
 output27/X
 output28/X
 output29/X
 output3/X
 output30/X
 output31/X
 output32/X
 output33/X
 output34/X
 output35/X
 output36/X
 output37/X
 output38/X
 output39/X
 output4/X
 output40/X
 output41/X
 output42/X
 output43/X
 output44/X
 output45/X
 output46/X
 output47/X
 output48/X
 output49/X
 output5/X
 output50/X
 output51/X
 output52/X
 output53/X
 output54/X
 output55/X
 output56/X
 output57/X
 output58/X
 output59/X
 output6/X
 output60/X
 output61/X
 output62/X
 output63/X
 output7/X
 output8/X
 output9/X
 top_100/HI
 top_100/LO
 top_101/HI
 top_101/LO
 top_102/HI
 top_102/LO
 top_103/HI
 top_103/LO
 top_104/HI
 top_104/LO
 top_69/HI
 top_69/LO
 top_70/HI
 top_70/LO
 top_71/HI
 top_71/LO
 top_72/HI
 top_72/LO
 top_73/HI
 top_73/LO
 top_74/HI
 top_74/LO
 top_75/HI
 top_75/LO
 top_76/HI
 top_76/LO
 top_77/HI
 top_77/LO
 top_78/HI
 top_78/LO
 top_79/HI
 top_79/LO
 top_80/HI
 top_80/LO
 top_81/HI
 top_81/LO
 top_82/HI
 top_82/LO
 top_83/HI
 top_83/LO
 top_84/HI
 top_84/LO
 top_85/HI
 top_85/LO
 top_86/HI
 top_86/LO
 top_87/HI
 top_87/LO
 top_88/HI
 top_88/LO
 top_89/HI
 top_89/LO
 top_90/HI
 top_90/LO
 top_91/HI
 top_91/LO
 top_92/HI
 top_92/LO
 top_93/HI
 top_93/LO
 top_94/HI
 top_94/LO
 top_95/HI
 top_95/LO
 top_96/HI
 top_96/LO
 top_97/HI
 top_97/LO
 top_98/HI
 top_98/LO
 top_99/HI
 top_99/LO
 wire67/X
Found 0 partially unannotated drivers.

===========================================================================
max slew violation count 0
max fanout violation count 0
max cap violation count 0
============================================================================

===========================================================================
check_setup -verbose -unconstrained_endpoints -multiple_clock -no_clock -no_input_delay -loops -generated_clocks
===========================================================================
Warning: There are 36 unconstrained endpoints.
  dmem_re
  dmem_wdata[0]
  dmem_wdata[10]
  dmem_wdata[11]
  dmem_wdata[12]
  dmem_wdata[13]
  dmem_wdata[14]
  dmem_wdata[15]
  dmem_wdata[16]
  dmem_wdata[17]
  dmem_wdata[18]
  dmem_wdata[19]
  dmem_wdata[1]
  dmem_wdata[20]
  dmem_wdata[21]
  dmem_wdata[22]
  dmem_wdata[23]
  dmem_wdata[24]
  dmem_wdata[25]
  dmem_wdata[26]
  dmem_wdata[27]
  dmem_wdata[28]
  dmem_wdata[29]
  dmem_wdata[2]
  dmem_wdata[30]
  dmem_wdata[31]
  dmem_wdata[3]
  dmem_wdata[4]
  dmem_wdata[5]
  dmem_wdata[6]
  dmem_wdata[7]
  dmem_wdata[8]
  dmem_wdata[9]
  dmem_we
  imem_addr[0]
  imem_addr[1]
